<?xml version="1.0" encoding="UTF-8"?>
<testsuite xmlns:xsi="http://www.w3.org/2001/XMLSchema-instance" xsi:noNamespaceSchemaLocation="https://maven.apache.org/surefire/maven-surefire-plugin/xsd/surefire-test-report.xsd" version="3.0.1" name="TS_OrangeHRM_Authentication_JUnit" time="58.542" tests="4" errors="0" skipped="0" failures="1">
  <properties>
[...]
</properties>
  <testcase name="tc_orange_authentication_login_fail" classname="TS_OrangeHRM_Authentication_JUnit" time="8.037">
    <failure message="[Fail] - PO_Login - Validated locator: &apos;//p[@class=&apos;oxd-text oxd-text--p oxd-alert-content-text&apos;]&apos; does not exist." type="org.opentest4j.AssertionFailedError"><![CDATA[org.opentest4j.AssertionFailedError: [Fail] - PO_Login - Validated locator: '//p[@class='oxd-text oxd-text--p oxd-alert-content-text']' does not exist.
	at TS_OrangeHRM_Authentication_JUnit.tc_orange_authentication_login_fail(TS_OrangeHRM_Authentication_JUnit.java:153)
]]></failure>
    <system-out><![CDATA[
&amp#27;[38;2;255;165;0m================================================================================&amp#27;[0m
&amp#27;[38;2;255;165;0mTest Suite: TS_OrangeHRM_Authentication_JUnit - 07/21/2024 12:07:05 PM - Begin&amp#27;[0m
&amp#27;[38;2;255;165;0mConfig Version: 1.6 - POM Version: 1.16 - Framework Version: 3.0.1&amp#27;[0m
&amp#27;[38;2;255;165;0m--------------------------------------------------------------------------------&amp#27;[0m

&amp#27;[0;90m- - - - - Synchronizing Browser and WebDriver - - - - - Begin
12:07:05.508 [main] DEBUG io.github.bonigarcia.wdm.WebDriverManager -- Using WebDriverManager 5.9.1
12:07:05.515 [main] DEBUG io.github.bonigarcia.wdm.cache.ResolutionCache -- Resolution chrome=126 in cache (valid until 13:06:06 21/07/2024 CAT)
12:07:05.515 [main] DEBUG io.github.bonigarcia.wdm.cache.ResolutionCache -- Resolution chrome126=126.0.6478.182 in cache (valid until 12:06:06 22/07/2024 CAT)
12:07:05.515 [main] INFO io.github.bonigarcia.wdm.WebDriverManager -- Using chromedriver 126.0.6478.182 (resolved driver for Chrome 126)
12:07:05.518 [main] DEBUG io.github.bonigarcia.wdm.WebDriverManager -- Driver chromedriver 126.0.6478.182 found in cache
12:07:05.518 [main] INFO io.github.bonigarcia.wdm.WebDriverManager -- Exporting webdriver.chrome.driver as /Users/niyomubyeyialine/.cache/selenium/chromedriver/mac-arm64/126.0.6478.182/chromedriver
&amp#27;[0;90m- - - - - Synchronizing Browser and WebDriver - - - - - End&amp#27;[0m

&amp#27;[0;34m - - - - Test Case: repetition 1 of 1 - 07/21/2024 12:07:10 PM - Begin - - -&amp#27;[0m
&amp#27;[38;2;0;128;1m[Pass] - Navigated to URL: 'https://opensource-demo.orangehrmlive.com/web/index.php/auth/login'.&amp#27;[0m
&amp#27;[38;2;0;128;1m[Pass] - PO_Login - Validated locator: '//div[@class='orangehrm-login-branding']//img[@src='/web/images/ohrm_branding.png?v=1711595107870']' exists.&amp#27;[0m
&amp#27;[38;2;0;128;1m[Pass] - PO_Login - Clicked locator: '//input[@placeholder='Username']'.&amp#27;[0m
&amp#27;[38;2;0;128;1m[Pass] - Successfully entered 'Admin' into locator: '//input[@placeholder='Username']'.&amp#27;[0m
&amp#27;[38;2;0;128;1m[Pass] - PO_Login - Clicked locator: '//input[@placeholder='Password']'.&amp#27;[0m
&amp#27;[38;2;0;128;1m[Pass] - Successfully entered 'admin' into locator: '//input[@placeholder='Password']'.&amp#27;[0m
&amp#27;[38;2;0;128;1m[Pass] - PO_Login - Clicked locator: '//button[@type='submit']'.&amp#27;[0m
&amp#27;[38;2;255;0;0m[Fail] - PO_Login - Validated locator: '//p[@class='oxd-text oxd-text--p oxd-alert-content-text']' does not exist.&amp#27;[0m
&amp#27;[38;5;94m[Screenshot] - Fail_1721556438419.png&amp#27;[0m
]]></system-out>
  </testcase>
  <testcase name="tc_orange_authentication_logout" classname="TS_OrangeHRM_Authentication_JUnit" time="12.868">
    <system-out><![CDATA[
&amp#27;[0;34m - - - - Test Case: repetition 1 of 1 - 07/21/2024 12:07:23 PM - Begin - - -&amp#27;[0m
&amp#27;[38;2;0;128;1m[Pass] - Navigated to URL: 'https://opensource-demo.orangehrmlive.com/web/index.php/auth/login'.&amp#27;[0m
&amp#27;[38;2;0;128;1m[Pass] - PO_Login - Validated locator: '//div[@class='orangehrm-login-branding']//img[@src='/web/images/ohrm_branding.png?v=1711595107870']' exists.&amp#27;[0m
&amp#27;[38;2;0;128;1m[Pass] - PO_Login - Clicked locator: '//input[@placeholder='Username']'.&amp#27;[0m
&amp#27;[38;2;0;128;1m[Pass] - Successfully entered 'Admin' into locator: '//input[@placeholder='Username']'.&amp#27;[0m
&amp#27;[38;2;0;128;1m[Pass] - PO_Login - Clicked locator: '//input[@placeholder='Password']'.&amp#27;[0m
&amp#27;[38;2;0;128;1m[Pass] - Successfully entered 'admin123' into locator: '//input[@placeholder='Password']'.&amp#27;[0m
&amp#27;[38;2;0;128;1m[Pass] - PO_Login - Clicked locator: '//button[@type='submit']'.&amp#27;[0m
&amp#27;[38;2;0;128;1m[Pass] - PO_Home - Validated locator: '//div[@class='oxd-sidepanel-header']//a[@class='oxd-brand']' exists.&amp#27;[0m
&amp#27;[38;2;0;128;1m[Pass] - PO_Logout - Clicked locator: '//i[@class='oxd-icon bi-caret-down-fill oxd-userdropdown-icon']'.&amp#27;[0m
&amp#27;[38;2;0;128;1m[Pass] - PO_Logout - Validated locator: '//a[contains(text(),'Logout')]' exists.&amp#27;[0m
&amp#27;[38;2;0;128;1m[Pass] - PO_Logout - Clicked locator: '//a[@href='/web/index.php/auth/logout']'.&amp#27;[0m
&amp#27;[38;2;0;128;1m[Pass] - PO_Login - Validated locator: '//div[@class='orangehrm-login-branding']//img[@src='/web/images/ohrm_branding.png?v=1711595107870']' exists.&amp#27;[0m
&amp#27;[38;5;94m[Screenshot] - 4th screenshot for Login _1721556456301.png&amp#27;[0m
]]></system-out>
  </testcase>
  <testcase name="tc_orange_authentication_login" classname="TS_OrangeHRM_Authentication_JUnit" time="7.198">
    <system-out><![CDATA[
&amp#27;[0;34m - - - - Test Case: repetition 1 of 1 - 07/21/2024 12:07:41 PM - Begin - - -&amp#27;[0m
&amp#27;[38;2;0;128;1m[Pass] - Navigated to URL: 'https://opensource-demo.orangehrmlive.com/web/index.php/auth/login'.&amp#27;[0m
&amp#27;[38;2;0;128;1m[Pass] - PO_Login - Validated locator: '//div[@class='orangehrm-login-branding']//img[@src='/web/images/ohrm_branding.png?v=1711595107870']' exists.&amp#27;[0m
&amp#27;[38;2;0;128;1m[Pass] - PO_Login - Clicked locator: '//input[@placeholder='Username']'.&amp#27;[0m
&amp#27;[38;2;0;128;1m[Pass] - Successfully entered 'Admin' into locator: '//input[@placeholder='Username']'.&amp#27;[0m
&amp#27;[38;2;0;128;1m[Pass] - PO_Login - Clicked locator: '//input[@placeholder='Password']'.&amp#27;[0m
&amp#27;[38;2;0;128;1m[Pass] - Successfully entered 'admin123' into locator: '//input[@placeholder='Password']'.&amp#27;[0m
&amp#27;[38;2;0;128;1m[Pass] - PO_Login - Clicked locator: '//button[@type='submit']'.&amp#27;[0m
&amp#27;[38;2;0;128;1m[Pass] - PO_Home - Validated locator: '//div[@class='oxd-sidepanel-header']//a[@class='oxd-brand']' exists.&amp#27;[0m
&amp#27;[38;5;94m[Screenshot] - 1st screenshot for Login _1721556468447.png&amp#27;[0m
]]></system-out>
  </testcase>
  <testcase name="tc_orange_authentication_login_password_reset" classname="TS_OrangeHRM_Authentication_JUnit" time="10.401">
    <system-out><![CDATA[
&amp#27;[0;34m - - - - Test Case: repetition 1 of 1 - 07/21/2024 12:07:53 PM - Begin - - -&amp#27;[0m
&amp#27;[38;2;0;128;1m[Pass] - Navigated to URL: 'https://opensource-demo.orangehrmlive.com/web/index.php/auth/login'.&amp#27;[0m
&amp#27;[38;2;0;128;1m[Pass] - PO_Login - Validated locator: '//div[@class='orangehrm-login-branding']//img[@src='/web/images/ohrm_branding.png?v=1711595107870']' exists.&amp#27;[0m
&amp#27;[38;2;0;128;1m[Pass] - PO_Login - Clicked locator: '//p[@class='oxd-text oxd-text--p orangehrm-login-forgot-header']'.&amp#27;[0m
&amp#27;[38;2;0;128;1m[Pass] - PO_Reset_Pwd - Validated locator: '//h6[@class='oxd-text oxd-text--h6 orangehrm-forgot-password-title']' exists.&amp#27;[0m
&amp#27;[38;2;0;128;1m[Pass] - PO_Reset_Pwd - Clicked locator: '//input[@name='username']'.&amp#27;[0m
&amp#27;[38;2;0;128;1m[Pass] - Successfully entered 'Admin' into locator: '//input[@name='username']'.&amp#27;[0m
&amp#27;[38;2;0;128;1m[Pass] - PO_Reset_Pwd - Clicked locator: '//button[@class='oxd-button oxd-button--large oxd-button--secondary orangehrm-forgot-password-button orangehrm-forgot-password-button--reset']'.&amp#27;[0m
&amp#27;[38;2;0;128;1m[Pass] - PO_Reset_Pwd - Validated locator: '//h6[@class='oxd-text oxd-text--h6 orangehrm-forgot-password-title']' exists.&amp#27;[0m
&amp#27;[38;5;94m[Screenshot] - 3rd screenshot for Login _1721556483927.png&amp#27;[0m
]]></system-out>
  </testcase>
</testsuite>